❯ export CFLAGS="-I$DAT3M_HOME/include -I$CNA_VERIFICATION_HOME/include -DNTHREADS=4 -DALGORITHM=1 -DSKIP_PENDING"

❯ java -jar dartagnan/target/dartagnan-3.0.0.jar cat/power.cat  --target=power --bound=1 --program.processing.constantPropagation=false ../cna-verification/client-code.c --refinement.baseline=no_oota,uniproc,atomic_rmw --property=reachability,liveness
[01.07.2022] 08:57:17 [INFO] GitInfo.CreateGitInfo - Git branch: cna-verification
[01.07.2022] 08:57:17 [INFO] GitInfo.CreateGitInfo - Git commit ID: 1ffb04cadda8c7628e16cb937e9aca847e59d257
[01.07.2022] 08:57:17 [INFO] GlobalSettings.LogGlobalSettings - ARCH_PRECISION: 64
[01.07.2022] 08:57:17 [INFO] GlobalSettings.LogGlobalSettings - ATOMIC_AS_LOCK: false
[01.07.2022] 08:57:17 [INFO] GlobalSettings.LogGlobalSettings - REFINEMENT_GENERATE_GRAPHVIZ_DEBUG_FILES: false
[01.07.2022] 08:57:17 [INFO] GlobalSettings.LogGlobalSettings - REFINEMENT_SYMMETRY_LEARNING: FULL
[01.07.2022] 08:57:17 [INFO] Dartagnan.main - Program path: ../cna-verification/client-code.c
[01.07.2022] 08:57:17 [INFO] Dartagnan.main - CAT file path: cat/power.cat
[01.07.2022] 08:57:17 [INFO] Compilation.compileWithClang - Compiling with clang
[01.07.2022] 08:57:17 [INFO] Compilation.compileWithSmack - Compiling with smack
[01.07.2022] 08:57:17 [INFO] Compilation.compileWithSmack - Compiling with smack
[01.07.2022] 08:57:18 [INFO] Compilation.compileWithSmack - Compiling with smack
[01.07.2022] 08:57:18 [INFO] Compilation.compileWithSmack - Compiling with smack
[01.07.2022] 08:57:19 [INFO] Compilation.compileWithSmack - Compiling with smack
[01.07.2022] 08:57:19 [INFO] Compilation.compileWithSmack - Compiling with smack
[01.07.2022] 08:57:20 [INFO] VisitorBoogie.visitLine_comment - SMACK version: 2.8.0 
[01.07.2022] 08:57:21 [INFO] VisitorBoogie.visitMain - Number of threads (including main): 5
[01.07.2022] 08:57:21 [INFO] DeadCodeElimination.run - #Events before DCE: 4603
[01.07.2022] 08:57:21 [INFO] DeadCodeElimination.run - #Events after DCE: 4436
[01.07.2022] 08:57:21 [INFO] BranchReordering.run - Branches reordered
[01.07.2022] 08:57:21 [INFO] BranchReordering.run - program.processing.detReordering: true
[01.07.2022] 08:57:21 [INFO] Simplifier.run - pre-simplification: 4436 events
[01.07.2022] 08:57:21 [INFO] Simplifier.run - post-simplification: 3471 events
[01.07.2022] 08:57:21 [INFO] FindSpinLoops.run - # of spinloops: 12
[01.07.2022] 08:57:21 [INFO] LoopUnrolling.run - Program unrolled 1 times
[01.07.2022] 08:57:21 [INFO] DeadAssignmentElimination.run - #Events before DSE: 3824
[01.07.2022] 08:57:21 [INFO] DeadAssignmentElimination.run - #Events after DSE: 3729
[01.07.2022] 08:57:21 [INFO] RemoveDeadCondJumps.run - #Events before RemoveDeadCondJumps: 3729
[01.07.2022] 08:57:21 [INFO] RemoveDeadCondJumps.run - #Events after RemoveDeadCondJumps: 3539
[01.07.2022] 08:57:21 [INFO] Compilation.run - Program compiled to Power
[01.07.2022] 08:57:21 [INFO] BranchEquivalence.<init> - program.analysis.cf.alwaysSplitOnJump: false
[01.07.2022] 08:57:21 [INFO] BranchEquivalence.<init> - program.analysis.cf.mergeBranches: true
[01.07.2022] 08:57:21 [INFO] Dependency.fromConfig - Analyze dependencies
[01.07.2022] 08:57:21 [INFO] AliasAnalysis.fromConfig - Selected Alias Analysis: FIELD_SENSITIVE
[01.07.2022] 08:57:21 [INFO] RelCo.getMaxTupleSet - Computing maxTupleSet for co
[01.07.2022] 08:57:21 [INFO] RelCo.getMaxTupleSet - maxTupleSet size for co: 5539
[01.07.2022] 08:57:21 [INFO] RelRf.getMaxTupleSet - Computing maxTupleSet for rf
[01.07.2022] 08:57:21 [INFO] RelRf.atomicBlockOptimization - Atomic block optimization eliminated 0 reads
[01.07.2022] 08:57:21 [INFO] RelRf.getMaxTupleSet - maxTupleSet size for rf: 5386
[01.07.2022] 08:57:45 [INFO] RelRMW.getMaxTupleSet - Computing maxTupleSet for rmw
[01.07.2022] 08:57:45 [INFO] RelRMW.getMaxTupleSet - maxTupleSet size for rmw: 88
[01.07.2022] 08:57:45 [INFO] RelCo.getMaxTupleSet - Computing maxTupleSet for co
[01.07.2022] 08:57:45 [INFO] RelCo.getMaxTupleSet - maxTupleSet size for co: 5539
[01.07.2022] 08:57:45 [INFO] RelRf.getMaxTupleSet - Computing maxTupleSet for rf
[01.07.2022] 08:57:45 [INFO] RelRf.atomicBlockOptimization - Atomic block optimization eliminated 0 reads
[01.07.2022] 08:57:45 [INFO] RelRf.getMaxTupleSet - maxTupleSet size for rf: 5386
[01.07.2022] 08:57:46 [INFO] RelRMW.getMaxTupleSet - Computing maxTupleSet for rmw
[01.07.2022] 08:57:46 [INFO] RelRMW.getMaxTupleSet - maxTupleSet size for rmw: 88
[01.07.2022] 08:57:46 [INFO] ProgramEncoder.<init> - encoding.allowPartialExecutions: false
[01.07.2022] 08:57:46 [INFO] ProgramEncoder.<init> - encoding.mergeCFVars: true
[01.07.2022] 08:57:46 [INFO] SymmetryEncoder.<init> - Breaking symmetry on relation: rf
[01.07.2022] 08:57:46 [INFO] SymmetryEncoder.<init> - Breaking by sync degree: true
[01.07.2022] 08:57:46 [INFO] RelCo.initializeEncoding - encoding.co.antiSymm: false
[01.07.2022] 08:57:46 [INFO] Acyclic.getEncodeTupleSet - Computing encodeTupleSet for acyclic (((po-loc+rf)+co)+fr)
[01.07.2022] 08:57:46 [INFO] Acyclic.getEncodeTupleSet - encodeTupleSet size 15602
[01.07.2022] 08:57:46 [INFO] Acyclic.getEncodeTupleSet - reduced encodeTupleSet size 15454
[01.07.2022] 08:57:46 [INFO] Acyclic.getEncodeTupleSet - Computing encodeTupleSet for acyclic ((ctrl+(data+addr))+rf)
[01.07.2022] 08:57:46 [INFO] Acyclic.getEncodeTupleSet - encodeTupleSet size 10264
[01.07.2022] 08:57:46 [INFO] Acyclic.getEncodeTupleSet - reduced encodeTupleSet size 5260
[01.07.2022] 08:57:46 [INFO] RefinementTask.initializeEncoders - refinement.baseline: [UNIPROC, NO_OOTA, ATOMIC_RMW]
[01.07.2022] 08:57:46 [INFO] PropertyEncoder.encodeAssertions - Encoding assertions
[01.07.2022] 08:57:46 [INFO] PropertyEncoder.encodeLiveness - Encoding liveness
[01.07.2022] 08:57:46 [INFO] RefinementSolver.run - Starting encoding using Z3 4.8.14.0
[01.07.2022] 08:57:46 [INFO] ProgramEncoder.encodeMemory - Encoding fixed memory
[01.07.2022] 08:57:46 [INFO] ProgramEncoder.encodeControlFlow - Encoding program control flow
[01.07.2022] 08:57:46 [INFO] ProgramEncoder.encodeFinalRegisterValues - Encoding final register values
[01.07.2022] 08:57:46 [INFO] ProgramEncoder.encodeDependencies - Encoding dependencies
[01.07.2022] 08:57:46 [INFO] WmmEncoder.encodeRelations - Encoding relations
[01.07.2022] 08:57:46 [INFO] WmmEncoder.encodeAnarchicSemantics - Encoding anarchic semantics
[01.07.2022] 08:57:49 [INFO] WmmEncoder.encodeConsistency - Encoding consistency
[01.07.2022] 08:58:22 [INFO] RefinementSolver.run - Refinement procedure started.
[01.07.2022] 09:01:04 [DEBUG] RefinementSolver.run - 
 ===== SMT Statistics (after first iteration) ===== 
	conflicts -> 5208
	decisions -> 21025022
	propagations -> 107971518
	binary propagations -> 93818965
	restarts -> 40
	final checks -> 136
	added eqs -> 4450428
	mk clause -> 1688268
	del clause -> 1289917
	interface eqs -> 135
	minimized lits -> 40206
	num checks -> 1
	mk bool var -> 2170985
	arith eq adapter -> 158
	arith-lower -> 112615
	arith-upper -> 103098
	arith-fixed-eqs -> 570
	arith-conflicts -> 1145
	arith-bound-propagations-lp -> 30276
	arith-diseq -> 292
	arith-assume-eqs -> 135
	arith-make-feasible -> 30428
	arith-max-columns -> 17616
	arith-max-rows -> 16656
	arith-offset-eqs -> 1097
	bv diseqs -> 292
	bv dynamic diseqs -> 49257
	bv bit2core -> 35139058
	bv->core eq -> 496508
	bv dynamic eqs -> 1815
	num allocs -> 89613887
	rlimit count -> 435011957
	max memory -> 1203.69
	memory -> 962.08
	time -> 161.538

[01.07.2022] 09:01:04 [DEBUG] RefinementSolver.run - Solver iteration: 
 ===== Iteration: 1 =====
Solving time(ms): 161553
[01.07.2022] 09:01:04 [DEBUG] RefinementSolver.run - Refinement iteration:
Model extraction time(ms): 14
Population time(ms): 39
Consistency check time(ms): 1
Base Reason computation time(ms): 5
Core Reason computation time(ms): 1
Model size (#events): 254
#Computed reasons (base/core): 3/2
#Computed reduced reasons (base/core): 2/2

[01.07.2022] 09:01:21 [DEBUG] RefinementSolver.run - Solver iteration: 
 ===== Iteration: 2 =====
Solving time(ms): 17188
[01.07.2022] 09:01:21 [DEBUG] RefinementSolver.run - Refinement iteration:
Model extraction time(ms): 9
Population time(ms): 42
Consistency check time(ms): 0
Base Reason computation time(ms): 2
Core Reason computation time(ms): 0
Model size (#events): 286
#Computed reasons (base/core): 4/3
#Computed reduced reasons (base/core): 3/2

[01.07.2022] 09:01:49 [DEBUG] RefinementSolver.run - Solver iteration: 
 ===== Iteration: 3 =====
Solving time(ms): 28154
[01.07.2022] 09:01:50 [DEBUG] RefinementSolver.run - Refinement iteration:
Model extraction time(ms): 7
Population time(ms): 14
Consistency check time(ms): 0
Base Reason computation time(ms): 1
Core Reason computation time(ms): 0
Model size (#events): 274
#Computed reasons (base/core): 1/1
#Computed reduced reasons (base/core): 1/1

[01.07.2022] 09:02:45 [DEBUG] RefinementSolver.run - Solver iteration: 
 ===== Iteration: 4 =====
Solving time(ms): 55405
[01.07.2022] 09:02:45 [DEBUG] RefinementSolver.run - Refinement iteration:
Model extraction time(ms): 7
Population time(ms): 16
Consistency check time(ms): 0
Base Reason computation time(ms): 1
Core Reason computation time(ms): 0
Model size (#events): 286
#Computed reasons (base/core): 3/3
#Computed reduced reasons (base/core): 3/2

[01.07.2022] 09:05:16 [DEBUG] RefinementSolver.run - Solver iteration: 
 ===== Iteration: 5 =====
Solving time(ms): 150648
[01.07.2022] 09:05:16 [DEBUG] RefinementSolver.run - Refinement iteration:
Model extraction time(ms): 7
Population time(ms): 16
Consistency check time(ms): 1
Base Reason computation time(ms): 1
Core Reason computation time(ms): 0
Model size (#events): 311
#Computed reasons (base/core): 3/3
#Computed reduced reasons (base/core): 3/2

[01.07.2022] 09:05:40 [DEBUG] RefinementSolver.run - Solver iteration: 
 ===== Iteration: 6 =====
Solving time(ms): 24193
[01.07.2022] 09:05:41 [DEBUG] RefinementSolver.run - Refinement iteration:
Model extraction time(ms): 8
Population time(ms): 68
Consistency check time(ms): 0
Base Reason computation time(ms): 2
Core Reason computation time(ms): 0
Model size (#events): 322
#Computed reasons (base/core): 4/3
#Computed reduced reasons (base/core): 3/3

[01.07.2022] 09:07:14 [DEBUG] RefinementSolver.run - Solver iteration: 
 ===== Iteration: 7 =====
Solving time(ms): 92882
[01.07.2022] 09:07:14 [DEBUG] RefinementSolver.run - Refinement iteration:
Model extraction time(ms): 9
Population time(ms): 36
Consistency check time(ms): 0
Base Reason computation time(ms): 2
Core Reason computation time(ms): 0
Model size (#events): 311
#Computed reasons (base/core): 3/3
#Computed reduced reasons (base/core): 3/3

[01.07.2022] 09:08:58 [DEBUG] RefinementSolver.run - Solver iteration: 
 ===== Iteration: 8 =====
Solving time(ms): 103784
[01.07.2022] 09:08:58 [DEBUG] RefinementSolver.run - Refinement iteration:
Model extraction time(ms): 5
Population time(ms): 17
Consistency check time(ms): 1
Base Reason computation time(ms): 0
Core Reason computation time(ms): 0
Model size (#events): 298
#Computed reasons (base/core): 1/1
#Computed reduced reasons (base/core): 1/1

[01.07.2022] 09:13:13 [DEBUG] RefinementSolver.run - Solver iteration: 
 ===== Iteration: 9 =====
Solving time(ms): 255386
[01.07.2022] 09:13:14 [DEBUG] RefinementSolver.run - Refinement iteration:
Model extraction time(ms): 6
Population time(ms): 21
Consistency check time(ms): 0
Base Reason computation time(ms): 1
Core Reason computation time(ms): 1
Model size (#events): 316
#Computed reasons (base/core): 5/4
#Computed reduced reasons (base/core): 4/4

[01.07.2022] 09:13:34 [DEBUG] RefinementSolver.run - Solver iteration: 
 ===== Iteration: 10 =====
Solving time(ms): 20887
[01.07.2022] 09:13:35 [DEBUG] RefinementSolver.run - Refinement iteration:
Model extraction time(ms): 7
Population time(ms): 49
Consistency check time(ms): 0
Base Reason computation time(ms): 9
Core Reason computation time(ms): 2
Model size (#events): 351
#Computed reasons (base/core): 22/18
#Computed reduced reasons (base/core): 18/13

[01.07.2022] 09:15:25 [DEBUG] RefinementSolver.run - Solver iteration: 
 ===== Iteration: 11 =====
Solving time(ms): 110014
[01.07.2022] 09:15:25 [DEBUG] RefinementSolver.run - Refinement iteration:
Model extraction time(ms): 8
Population time(ms): 72
Consistency check time(ms): 1
Base Reason computation time(ms): 4
Core Reason computation time(ms): 1
Model size (#events): 361
#Computed reasons (base/core): 16/13
#Computed reduced reasons (base/core): 13/9

[01.07.2022] 09:16:08 [DEBUG] RefinementSolver.run - Solver iteration: 
 ===== Iteration: 12 =====
Solving time(ms): 42951
[01.07.2022] 09:16:08 [DEBUG] RefinementSolver.run - Refinement iteration:
Model extraction time(ms): 22
Population time(ms): 33
Consistency check time(ms): 0
Base Reason computation time(ms): 2
Core Reason computation time(ms): 0
Model size (#events): 328
#Computed reasons (base/core): 11/7
#Computed reduced reasons (base/core): 7/7

[01.07.2022] 09:16:45 [DEBUG] RefinementSolver.run - Solver iteration: 
 ===== Iteration: 13 =====
Solving time(ms): 36315
[01.07.2022] 09:16:45 [DEBUG] RefinementSolver.run - Refinement iteration:
Model extraction time(ms): 7
Population time(ms): 30
Consistency check time(ms): 0
Base Reason computation time(ms): 1
Core Reason computation time(ms): 0
Model size (#events): 337
#Computed reasons (base/core): 4/2
#Computed reduced reasons (base/core): 2/2

[01.07.2022] 09:16:46 [DEBUG] RefinementSolver.run - Solver iteration: 
 ===== Iteration: 14 =====
Solving time(ms): 1546
[01.07.2022] 09:16:47 [DEBUG] RefinementSolver.run - Refinement iteration:
Model extraction time(ms): 7
Population time(ms): 32
Consistency check time(ms): 0
Base Reason computation time(ms): 0
Core Reason computation time(ms): 0
Model size (#events): 337
#Computed reasons (base/core): 2/1
#Computed reduced reasons (base/core): 1/1

[01.07.2022] 09:17:28 [DEBUG] RefinementSolver.run - Solver iteration: 
 ===== Iteration: 15 =====
Solving time(ms): 41137
[01.07.2022] 09:17:28 [DEBUG] RefinementSolver.run - Refinement iteration:
Model extraction time(ms): 7
Population time(ms): 35
Consistency check time(ms): 0
Base Reason computation time(ms): 1
Core Reason computation time(ms): 0
Model size (#events): 351
#Computed reasons (base/core): 6/6
#Computed reduced reasons (base/core): 6/6

[01.07.2022] 09:17:37 [DEBUG] RefinementSolver.run - Solver iteration: 
 ===== Iteration: 16 =====
Solving time(ms): 8472
[01.07.2022] 09:17:37 [DEBUG] RefinementSolver.run - Refinement iteration:
Model extraction time(ms): 8
Population time(ms): 52
Consistency check time(ms): 1
Base Reason computation time(ms): 0
Core Reason computation time(ms): 0
Model size (#events): 347
#Computed reasons (base/core): 1/1
#Computed reduced reasons (base/core): 1/1

[01.07.2022] 09:17:44 [DEBUG] RefinementSolver.run - Solver iteration: 
 ===== Iteration: 17 =====
Solving time(ms): 7458
[01.07.2022] 09:17:45 [DEBUG] RefinementSolver.run - Refinement iteration:
Model extraction time(ms): 7
Population time(ms): 67
Consistency check time(ms): 0
Base Reason computation time(ms): 4
Core Reason computation time(ms): 1
Model size (#events): 358
#Computed reasons (base/core): 29/27
#Computed reduced reasons (base/core): 27/11

[01.07.2022] 09:20:04 [DEBUG] RefinementSolver.run - Solver iteration: 
 ===== Iteration: 18 =====
Solving time(ms): 139139
[01.07.2022] 09:20:04 [DEBUG] RefinementSolver.run - Refinement iteration:
Model extraction time(ms): 7
Population time(ms): 17
Consistency check time(ms): 0
Base Reason computation time(ms): 0
Core Reason computation time(ms): 0
Model size (#events): 314
#Computed reasons (base/core): 1/1
#Computed reduced reasons (base/core): 1/1

[01.07.2022] 09:39:05 [DEBUG] RefinementSolver.run - Solver iteration: 
 ===== Iteration: 19 =====
Solving time(ms): 1140765
[01.07.2022] 09:39:05 [DEBUG] RefinementSolver.run - Refinement iteration:
Model extraction time(ms): 6
Population time(ms): 30
Consistency check time(ms): 0
Base Reason computation time(ms): 1
Core Reason computation time(ms): 0
Model size (#events): 328
#Computed reasons (base/core): 5/5
#Computed reduced reasons (base/core): 5/5

[01.07.2022] 09:39:34 [DEBUG] RefinementSolver.run - Solver iteration: 
 ===== Iteration: 20 =====
Solving time(ms): 28627
[01.07.2022] 09:39:34 [DEBUG] RefinementSolver.run - Refinement iteration:
Model extraction time(ms): 7
Population time(ms): 36
Consistency check time(ms): 0
Base Reason computation time(ms): 0
Core Reason computation time(ms): 1
Model size (#events): 347
#Computed reasons (base/core): 3/2
#Computed reduced reasons (base/core): 2/2

[01.07.2022] 09:39:35 [DEBUG] RefinementSolver.run - Solver iteration: 
 ===== Iteration: 21 =====
Solving time(ms): 754
[01.07.2022] 09:39:35 [DEBUG] RefinementSolver.run - Refinement iteration:
Model extraction time(ms): 7
Population time(ms): 34
Consistency check time(ms): 0
Base Reason computation time(ms): 1
Core Reason computation time(ms): 0
Model size (#events): 347
#Computed reasons (base/core): 1/1
#Computed reduced reasons (base/core): 1/1

[01.07.2022] 09:53:46 [DEBUG] RefinementSolver.run - Solver iteration: 
 ===== Iteration: 22 =====
Solving time(ms): 851018
[01.07.2022] 09:53:46 [DEBUG] RefinementSolver.run - Refinement iteration:
Model extraction time(ms): 7
Population time(ms): 90
Consistency check time(ms): 0
Base Reason computation time(ms): 10
Core Reason computation time(ms): 1
Model size (#events): 361
#Computed reasons (base/core): 34/32
#Computed reduced reasons (base/core): 32/17

[01.07.2022] 09:53:47 [DEBUG] RefinementSolver.run - Solver iteration: 
 ===== Iteration: 23 =====
Solving time(ms): 672
[01.07.2022] 09:53:47 [DEBUG] RefinementSolver.run - Refinement iteration:
Model extraction time(ms): 7
Population time(ms): 44
Consistency check time(ms): 0
Base Reason computation time(ms): 1
Core Reason computation time(ms): 0
Model size (#events): 353
#Computed reasons (base/core): 5/4
#Computed reduced reasons (base/core): 4/3

[01.07.2022] 09:58:04 [DEBUG] RefinementSolver.run - Solver iteration: 
 ===== Iteration: 24 =====
Solving time(ms): 256197
[01.07.2022] 09:58:04 [DEBUG] RefinementSolver.run - Refinement iteration:
Model extraction time(ms): 8
Population time(ms): 66
Consistency check time(ms): 0
Base Reason computation time(ms): 0
Core Reason computation time(ms): 1
Model size (#events): 380
#Computed reasons (base/core): 6/4
#Computed reduced reasons (base/core): 4/3

[01.07.2022] 09:58:05 [DEBUG] RefinementSolver.run - Solver iteration: 
 ===== Iteration: 25 =====
Solving time(ms): 1465
[01.07.2022] 09:58:06 [DEBUG] RefinementSolver.run - Refinement iteration:
Model extraction time(ms): 7
Population time(ms): 72
Consistency check time(ms): 0
Base Reason computation time(ms): 1
Core Reason computation time(ms): 0
Model size (#events): 380
#Computed reasons (base/core): 4/4
#Computed reduced reasons (base/core): 4/4

[01.07.2022] 09:58:51 [DEBUG] RefinementSolver.run - Solver iteration: 
 ===== Iteration: 26 =====
Solving time(ms): 45814
[01.07.2022] 09:58:52 [DEBUG] RefinementSolver.run - Refinement iteration:
Model extraction time(ms): 8
Population time(ms): 111
Consistency check time(ms): 0
Base Reason computation time(ms): 1
Core Reason computation time(ms): 1
Model size (#events): 397
#Computed reasons (base/core): 9/8
#Computed reduced reasons (base/core): 8/8

[01.07.2022] 10:00:50 [DEBUG] RefinementSolver.run - Solver iteration: 
 ===== Iteration: 27 =====
Solving time(ms): 118405
[01.07.2022] 10:00:50 [DEBUG] RefinementSolver.run - Refinement iteration:
Model extraction time(ms): 8
Population time(ms): 37
Consistency check time(ms): 0
Base Reason computation time(ms): 1
Core Reason computation time(ms): 0
Model size (#events): 353
#Computed reasons (base/core): 1/1
#Computed reduced reasons (base/core): 1/1

[01.07.2022] 10:00:53 [DEBUG] RefinementSolver.run - Solver iteration: 
 ===== Iteration: 28 =====
Solving time(ms): 2317
[01.07.2022] 10:00:53 [DEBUG] RefinementSolver.run - Refinement iteration:
Model extraction time(ms): 8
Population time(ms): 61
Consistency check time(ms): 0
Base Reason computation time(ms): 2
Core Reason computation time(ms): 0
Model size (#events): 384
#Computed reasons (base/core): 10/10
#Computed reduced reasons (base/core): 10/9

[01.07.2022] 10:00:54 [DEBUG] RefinementSolver.run - Solver iteration: 
 ===== Iteration: 29 =====
Solving time(ms): 906
[01.07.2022] 10:00:54 [DEBUG] RefinementSolver.run - Refinement iteration:
Model extraction time(ms): 9
Population time(ms): 63
Consistency check time(ms): 0
Base Reason computation time(ms): 1
Core Reason computation time(ms): 0
Model size (#events): 384
#Computed reasons (base/core): 7/7
#Computed reduced reasons (base/core): 7/7

[01.07.2022] 10:00:55 [DEBUG] RefinementSolver.run - Solver iteration: 
 ===== Iteration: 30 =====
Solving time(ms): 791
[01.07.2022] 10:00:55 [DEBUG] RefinementSolver.run - Refinement iteration:
Model extraction time(ms): 8
Population time(ms): 74
Consistency check time(ms): 0
Base Reason computation time(ms): 1
Core Reason computation time(ms): 0
Model size (#events): 383
#Computed reasons (base/core): 7/7
#Computed reduced reasons (base/core): 7/7

[01.07.2022] 10:01:02 [DEBUG] RefinementSolver.run - Solver iteration: 
 ===== Iteration: 31 =====
Solving time(ms): 6250
[01.07.2022] 10:01:02 [DEBUG] RefinementSolver.run - Refinement iteration:
Model extraction time(ms): 8
Population time(ms): 77
Consistency check time(ms): 1
Base Reason computation time(ms): 0
Core Reason computation time(ms): 1
Model size (#events): 397
#Computed reasons (base/core): 7/7
#Computed reduced reasons (base/core): 7/7

[01.07.2022] 10:01:03 [DEBUG] RefinementSolver.run - Solver iteration: 
 ===== Iteration: 32 =====
Solving time(ms): 842
[01.07.2022] 10:01:03 [DEBUG] RefinementSolver.run - Refinement iteration:
Model extraction time(ms): 10
Population time(ms): 78
Consistency check time(ms): 1
Base Reason computation time(ms): 0
Core Reason computation time(ms): 0
Model size (#events): 396
#Computed reasons (base/core): 3/3
#Computed reduced reasons (base/core): 3/3

[01.07.2022] 10:01:04 [DEBUG] RefinementSolver.run - Solver iteration: 
 ===== Iteration: 33 =====
Solving time(ms): 1204
[01.07.2022] 10:01:05 [DEBUG] RefinementSolver.run - Refinement iteration:
Model extraction time(ms): 9
Population time(ms): 99
Consistency check time(ms): 0
Base Reason computation time(ms): 1
Core Reason computation time(ms): 0
Model size (#events): 395
#Computed reasons (base/core): 2/2
#Computed reduced reasons (base/core): 2/2

[01.07.2022] 10:01:47 [DEBUG] RefinementSolver.run - Solver iteration: 
 ===== Iteration: 34 =====
Solving time(ms): 42436
[01.07.2022] 10:01:47 [DEBUG] RefinementSolver.run - Refinement iteration:
Model extraction time(ms): 8
Population time(ms): 65
Consistency check time(ms): 1
Base Reason computation time(ms): 2
Core Reason computation time(ms): 1
Model size (#events): 380
#Computed reasons (base/core): 32/27
#Computed reduced reasons (base/core): 27/18

[01.07.2022] 10:01:49 [DEBUG] RefinementSolver.run - Solver iteration: 
 ===== Iteration: 35 =====
Solving time(ms): 1363
[01.07.2022] 10:01:49 [DEBUG] RefinementSolver.run - Refinement iteration:
Model extraction time(ms): 8
Population time(ms): 58
Consistency check time(ms): 0
Base Reason computation time(ms): 1
Core Reason computation time(ms): 0
Model size (#events): 380
#Computed reasons (base/core): 8/6
#Computed reduced reasons (base/core): 6/4

[01.07.2022] 10:01:50 [DEBUG] RefinementSolver.run - Solver iteration: 
 ===== Iteration: 36 =====
Solving time(ms): 762
[01.07.2022] 10:01:50 [DEBUG] RefinementSolver.run - Refinement iteration:
Model extraction time(ms): 8
Population time(ms): 54
Consistency check time(ms): 0
Base Reason computation time(ms): 0
Core Reason computation time(ms): 1
Model size (#events): 380
#Computed reasons (base/core): 3/3
#Computed reduced reasons (base/core): 3/2

[01.07.2022] 10:01:51 [DEBUG] RefinementSolver.run - Solver iteration: 
 ===== Iteration: 37 =====
Solving time(ms): 766
[01.07.2022] 10:01:51 [DEBUG] RefinementSolver.run - Refinement iteration:
Model extraction time(ms): 8
Population time(ms): 55
Consistency check time(ms): 0
Base Reason computation time(ms): 1
Core Reason computation time(ms): 0
Model size (#events): 380
#Computed reasons (base/core): 2/1
#Computed reduced reasons (base/core): 1/1

[01.07.2022] 10:01:52 [DEBUG] RefinementSolver.run - Solver iteration: 
 ===== Iteration: 38 =====
Solving time(ms): 768
[01.07.2022] 10:01:52 [DEBUG] RefinementSolver.run - Refinement iteration:
Model extraction time(ms): 8
Population time(ms): 67
Consistency check time(ms): 0
Base Reason computation time(ms): 0
Core Reason computation time(ms): 0
Model size (#events): 380
#Computed reasons (base/core): 2/1
#Computed reduced reasons (base/core): 1/1

[01.07.2022] 10:01:53 [DEBUG] RefinementSolver.run - Solver iteration: 
 ===== Iteration: 39 =====
Solving time(ms): 1004
[01.07.2022] 10:01:53 [DEBUG] RefinementSolver.run - Refinement iteration:
Model extraction time(ms): 9
Population time(ms): 55
Consistency check time(ms): 0
Base Reason computation time(ms): 0
Core Reason computation time(ms): 1
Model size (#events): 380
#Computed reasons (base/core): 3/3
#Computed reduced reasons (base/core): 3/3

[01.07.2022] 10:01:55 [DEBUG] RefinementSolver.run - Solver iteration: 
 ===== Iteration: 40 =====
Solving time(ms): 1564
[01.07.2022] 10:01:55 [DEBUG] RefinementSolver.run - Refinement iteration:
Model extraction time(ms): 8
Population time(ms): 59
Consistency check time(ms): 0
Base Reason computation time(ms): 0
Core Reason computation time(ms): 1
Model size (#events): 380
#Computed reasons (base/core): 8/7
#Computed reduced reasons (base/core): 7/5

[01.07.2022] 10:03:24 [DEBUG] RefinementSolver.run - Solver iteration: 
 ===== Iteration: 41 =====
Solving time(ms): 88680
[01.07.2022] 10:03:24 [DEBUG] RefinementSolver.run - Refinement iteration:
Model extraction time(ms): 7
Population time(ms): 37
Consistency check time(ms): 0
Base Reason computation time(ms): 1
Core Reason computation time(ms): 0
Model size (#events): 346
#Computed reasons (base/core): 1/1
#Computed reduced reasons (base/core): 1/1

[01.07.2022] 10:03:25 [DEBUG] RefinementSolver.run - Solver iteration: 
 ===== Iteration: 42 =====
Solving time(ms): 783
[01.07.2022] 10:03:25 [DEBUG] RefinementSolver.run - Refinement iteration:
Model extraction time(ms): 8
Population time(ms): 38
Consistency check time(ms): 0
Base Reason computation time(ms): 1
Core Reason computation time(ms): 0
Model size (#events): 345
#Computed reasons (base/core): 1/1
#Computed reduced reasons (base/core): 1/1

[01.07.2022] 10:03:27 [DEBUG] RefinementSolver.run - Solver iteration: 
 ===== Iteration: 43 =====
Solving time(ms): 1393
[01.07.2022] 10:03:27 [DEBUG] RefinementSolver.run - Refinement iteration:
Model extraction time(ms): 6
Population time(ms): 50
Consistency check time(ms): 0
Base Reason computation time(ms): 0
Core Reason computation time(ms): 1
Model size (#events): 353
#Computed reasons (base/core): 3/3
#Computed reduced reasons (base/core): 3/3

[01.07.2022] 10:10:49 [DEBUG] RefinementSolver.run - Solver iteration: 
 ===== Iteration: 44 =====
Solving time(ms): 441541
[01.07.2022] 10:10:49 [DEBUG] RefinementSolver.run - Refinement iteration:
Model extraction time(ms): 9
Population time(ms): 129
Consistency check time(ms): 0
Base Reason computation time(ms): 2
Core Reason computation time(ms): 0
Model size (#events): 385
#Computed reasons (base/core): 6/5
#Computed reduced reasons (base/core): 5/5

[01.07.2022] 10:10:50 [DEBUG] RefinementSolver.run - Solver iteration: 
 ===== Iteration: 45 =====
Solving time(ms): 866
[01.07.2022] 10:10:50 [DEBUG] RefinementSolver.run - Refinement iteration:
Model extraction time(ms): 11
Population time(ms): 93
Consistency check time(ms): 0
Base Reason computation time(ms): 1
Core Reason computation time(ms): 0
Model size (#events): 385
#Computed reasons (base/core): 2/2
#Computed reduced reasons (base/core): 2/2

[01.07.2022] 10:10:51 [DEBUG] RefinementSolver.run - Solver iteration: 
 ===== Iteration: 46 =====
Solving time(ms): 861
[01.07.2022] 10:10:51 [DEBUG] RefinementSolver.run - Refinement iteration:
Model extraction time(ms): 8
Population time(ms): 89
Consistency check time(ms): 0
Base Reason computation time(ms): 0
Core Reason computation time(ms): 1
Model size (#events): 385
#Computed reasons (base/core): 2/2
#Computed reduced reasons (base/core): 2/1

[01.07.2022] 10:15:09 [DEBUG] RefinementSolver.run - Solver iteration: 
 ===== Iteration: 47 =====
Solving time(ms): 257536
[01.07.2022] 10:15:09 [DEBUG] RefinementSolver.run - Refinement iteration:
Model extraction time(ms): 7
Population time(ms): 41
Consistency check time(ms): 0
Base Reason computation time(ms): 1
Core Reason computation time(ms): 0
Model size (#events): 351
#Computed reasons (base/core): 5/5
#Computed reduced reasons (base/core): 5/5

[01.07.2022] 10:15:11 [DEBUG] RefinementSolver.run - Solver iteration: 
 ===== Iteration: 48 =====
Solving time(ms): 1916
[01.07.2022] 10:15:12 [DEBUG] RefinementSolver.run - Refinement iteration:
Model extraction time(ms): 7
Population time(ms): 47
Consistency check time(ms): 0
Base Reason computation time(ms): 1
Core Reason computation time(ms): 0
Model size (#events): 354
#Computed reasons (base/core): 3/3
#Computed reduced reasons (base/core): 3/3

[01.07.2022] 10:15:14 [DEBUG] RefinementSolver.run - Solver iteration: 
 ===== Iteration: 49 =====
Solving time(ms): 1945
[01.07.2022] 10:15:14 [DEBUG] RefinementSolver.run - Refinement iteration:
Model extraction time(ms): 8
Population time(ms): 75
Consistency check time(ms): 0
Base Reason computation time(ms): 1
Core Reason computation time(ms): 0
Model size (#events): 354
#Computed reasons (base/core): 1/1
#Computed reduced reasons (base/core): 1/1

[01.07.2022] 10:22:59 [DEBUG] RefinementSolver.run - Solver iteration: 
 ===== Iteration: 50 =====
Solving time(ms): 465240
[01.07.2022] 10:22:59 [DEBUG] RefinementSolver.run - Refinement iteration:
Model extraction time(ms): 8
Population time(ms): 54
Consistency check time(ms): 0
Base Reason computation time(ms): 1
Core Reason computation time(ms): 0
Model size (#events): 364
#Computed reasons (base/core): 7/7
#Computed reduced reasons (base/core): 7/7

[01.07.2022] 10:23:00 [DEBUG] RefinementSolver.run - Solver iteration: 
 ===== Iteration: 51 =====
Solving time(ms): 761
[01.07.2022] 10:23:00 [DEBUG] RefinementSolver.run - Refinement iteration:
Model extraction time(ms): 7
Population time(ms): 52
Consistency check time(ms): 1
Base Reason computation time(ms): 0
Core Reason computation time(ms): 0
Model size (#events): 364
#Computed reasons (base/core): 1/1
#Computed reduced reasons (base/core): 1/1

[01.07.2022] 10:24:52 [DEBUG] RefinementSolver.run - Solver iteration: 
 ===== Iteration: 52 =====
Solving time(ms): 111738
[01.07.2022] 10:24:52 [DEBUG] RefinementSolver.run - Refinement iteration:
Model extraction time(ms): 8
Population time(ms): 55
Consistency check time(ms): 1
Base Reason computation time(ms): 0
Core Reason computation time(ms): 0
Model size (#events): 377
#Computed reasons (base/core): 2/2
#Computed reduced reasons (base/core): 2/2

[01.07.2022] 10:24:53 [DEBUG] RefinementSolver.run - Solver iteration: 
 ===== Iteration: 53 =====
Solving time(ms): 809
[01.07.2022] 10:24:54 [DEBUG] RefinementSolver.run - Refinement iteration:
Model extraction time(ms): 8
Population time(ms): 56
Consistency check time(ms): 0
Base Reason computation time(ms): 1
Core Reason computation time(ms): 0
Model size (#events): 377
#Computed reasons (base/core): 2/1
#Computed reduced reasons (base/core): 1/1

[01.07.2022] 10:24:54 [DEBUG] RefinementSolver.run - Solver iteration: 
 ===== Iteration: 54 =====
Solving time(ms): 760
[01.07.2022] 10:24:55 [DEBUG] RefinementSolver.run - Refinement iteration:
Model extraction time(ms): 8
Population time(ms): 53
Consistency check time(ms): 0
Base Reason computation time(ms): 1
Core Reason computation time(ms): 0
Model size (#events): 377
#Computed reasons (base/core): 2/2
#Computed reduced reasons (base/core): 2/2

[01.07.2022] 10:25:02 [DEBUG] RefinementSolver.run - Solver iteration: 
 ===== Iteration: 55 =====
Solving time(ms): 7854
[01.07.2022] 10:25:03 [DEBUG] RefinementSolver.run - Refinement iteration:
Model extraction time(ms): 7
Population time(ms): 50
Consistency check time(ms): 0
Base Reason computation time(ms): 0
Core Reason computation time(ms): 0
Model size (#events): 350
#Computed reasons (base/core): 4/4
#Computed reduced reasons (base/core): 4/3

[01.07.2022] 10:26:04 [DEBUG] RefinementSolver.run - Solver iteration: 
 ===== Iteration: 56 =====
Solving time(ms): 60783
[01.07.2022] 10:26:04 [DEBUG] RefinementSolver.run - Refinement iteration:
Model extraction time(ms): 7
Population time(ms): 72
Consistency check time(ms): 0
Base Reason computation time(ms): 1
Core Reason computation time(ms): 0
Model size (#events): 391
#Computed reasons (base/core): 3/2
#Computed reduced reasons (base/core): 2/2

[01.07.2022] 10:26:05 [DEBUG] RefinementSolver.run - Solver iteration: 
 ===== Iteration: 57 =====
Solving time(ms): 747
[01.07.2022] 10:26:05 [DEBUG] RefinementSolver.run - Refinement iteration:
Model extraction time(ms): 7
Population time(ms): 67
Consistency check time(ms): 0
Base Reason computation time(ms): 0
Core Reason computation time(ms): 0
Model size (#events): 391
#Computed reasons (base/core): 2/2
#Computed reduced reasons (base/core): 2/2

[01.07.2022] 10:26:51 [DEBUG] RefinementSolver.run - Solver iteration: 
 ===== Iteration: 58 =====
Solving time(ms): 46018
[01.07.2022] 10:26:51 [DEBUG] RefinementSolver.run - Refinement iteration:
Model extraction time(ms): 6
Population time(ms): 31
Consistency check time(ms): 0
Base Reason computation time(ms): 0
Core Reason computation time(ms): 0
Model size (#events): 345
#Computed reasons (base/core): 1/1
#Computed reduced reasons (base/core): 1/1

[01.07.2022] 10:28:33 [DEBUG] RefinementSolver.run - Solver iteration: 
 ===== Iteration: 59 =====
Solving time(ms): 102244
[01.07.2022] 10:28:34 [DEBUG] RefinementSolver.run - Refinement iteration:
Model extraction time(ms): 8
Population time(ms): 50
Consistency check time(ms): 0
Base Reason computation time(ms): 0
Core Reason computation time(ms): 0
Model size (#events): 381
#Computed reasons (base/core): 2/2
#Computed reduced reasons (base/core): 2/2

[01.07.2022] 10:32:20 [DEBUG] RefinementSolver.run - Solver iteration: 
 ===== Iteration: 60 =====
Solving time(ms): 226170
[01.07.2022] 10:32:20 [DEBUG] RefinementSolver.run - Refinement iteration:
Model extraction time(ms): 7
Population time(ms): 51
Consistency check time(ms): 0
Base Reason computation time(ms): 0
Core Reason computation time(ms): 0
Model size (#events): 361
#Computed reasons (base/core): 1/1
#Computed reduced reasons (base/core): 1/1

[01.07.2022] 10:34:11 [DEBUG] RefinementSolver.run - Solver iteration: 
 ===== Iteration: 61 =====
Solving time(ms): 110602
[01.07.2022] 10:34:11 [DEBUG] RefinementSolver.run - Refinement iteration:
Model extraction time(ms): 8
Population time(ms): 91
Consistency check time(ms): 1
Base Reason computation time(ms): 0
Core Reason computation time(ms): 1
Model size (#events): 387
#Computed reasons (base/core): 5/5
#Computed reduced reasons (base/core): 5/3

[01.07.2022] 10:34:12 [DEBUG] RefinementSolver.run - Solver iteration: 
 ===== Iteration: 62 =====
Solving time(ms): 674
[01.07.2022] 10:34:12 [DEBUG] RefinementSolver.run - Refinement iteration:
Model extraction time(ms): 8
Population time(ms): 68
Consistency check time(ms): 0
Base Reason computation time(ms): 1
Core Reason computation time(ms): 0
Model size (#events): 387
#Computed reasons (base/core): 1/1
#Computed reduced reasons (base/core): 1/1

[01.07.2022] 10:36:06 [DEBUG] RefinementSolver.run - Solver iteration: 
 ===== Iteration: 63 =====
Solving time(ms): 114297
[01.07.2022] 10:36:07 [DEBUG] RefinementSolver.run - Refinement iteration:
Model extraction time(ms): 9
Population time(ms): 92
Consistency check time(ms): 1
Base Reason computation time(ms): 1
Core Reason computation time(ms): 0
Model size (#events): 395
#Computed reasons (base/core): 1/1
#Computed reduced reasons (base/core): 1/1

[01.07.2022] 10:42:19 [DEBUG] RefinementSolver.run - Solver iteration: 
 ===== Iteration: 64 =====
Solving time(ms): 371940
[01.07.2022] 10:42:19 [DEBUG] RefinementSolver.run - Refinement iteration:
Model extraction time(ms): 8
Population time(ms): 63
Consistency check time(ms): 0
Base Reason computation time(ms): 1
Core Reason computation time(ms): 0
Model size (#events): 373
#Computed reasons (base/core): 2/2
#Computed reduced reasons (base/core): 2/2

[01.07.2022] 10:42:54 [DEBUG] RefinementSolver.run - Solver iteration: 
 ===== Iteration: 65 =====
Solving time(ms): 34935
[01.07.2022] 10:42:54 [DEBUG] RefinementSolver.run - Refinement iteration:
Model extraction time(ms): 8
Population time(ms): 94
Consistency check time(ms): 0
Base Reason computation time(ms): 1
Core Reason computation time(ms): 0
Model size (#events): 390
#Computed reasons (base/core): 7/7
#Computed reduced reasons (base/core): 7/7

[01.07.2022] 10:44:40 [DEBUG] RefinementSolver.run - Solver iteration: 
 ===== Iteration: 66 =====
Solving time(ms): 106155
[01.07.2022] 10:44:41 [DEBUG] RefinementSolver.run - Refinement iteration:
Model extraction time(ms): 8
Population time(ms): 66
Consistency check time(ms): 0
Base Reason computation time(ms): 0
Core Reason computation time(ms): 0
Model size (#events): 387
#Computed reasons (base/core): 1/1
#Computed reduced reasons (base/core): 1/1

[01.07.2022] 11:03:49 [DEBUG] RefinementSolver.run - Solver iteration: 
 ===== Iteration: 67 =====
Solving time(ms): 1148063
[01.07.2022] 11:03:49 [DEBUG] RefinementSolver.run - Refinement iteration:
Model extraction time(ms): 7
Population time(ms): 44
Consistency check time(ms): 0
Base Reason computation time(ms): 1
Core Reason computation time(ms): 0
Model size (#events): 357
#Computed reasons (base/core): 1/1
#Computed reduced reasons (base/core): 1/1

[01.07.2022] 11:03:50 [DEBUG] RefinementSolver.run - Solver iteration: 
 ===== Iteration: 68 =====
Solving time(ms): 788
[01.07.2022] 11:03:50 [DEBUG] RefinementSolver.run - Refinement iteration:
Model extraction time(ms): 6
Population time(ms): 43
Consistency check time(ms): 0
Base Reason computation time(ms): 1
Core Reason computation time(ms): 0
Model size (#events): 357
#Computed reasons (base/core): 1/1
#Computed reduced reasons (base/core): 1/1

[01.07.2022] 11:03:51 [DEBUG] RefinementSolver.run - Solver iteration: 
 ===== Iteration: 69 =====
Solving time(ms): 1419
[01.07.2022] 11:03:52 [DEBUG] RefinementSolver.run - Refinement iteration:
Model extraction time(ms): 7
Population time(ms): 36
Consistency check time(ms): 0
Base Reason computation time(ms): 0
Core Reason computation time(ms): 0
Model size (#events): 348
#Computed reasons (base/core): 1/1
#Computed reduced reasons (base/core): 1/1

[01.07.2022] 11:03:52 [DEBUG] RefinementSolver.run - Solver iteration: 
 ===== Iteration: 70 =====
Solving time(ms): 725
[01.07.2022] 11:03:53 [DEBUG] RefinementSolver.run - Refinement iteration:
Model extraction time(ms): 7
Population time(ms): 35
Consistency check time(ms): 0
Base Reason computation time(ms): 0
Core Reason computation time(ms): 0
Model size (#events): 348
#Computed reasons (base/core): 1/1
#Computed reduced reasons (base/core): 1/1

[01.07.2022] 11:03:53 [DEBUG] RefinementSolver.run - Solver iteration: 
 ===== Iteration: 71 =====
Solving time(ms): 770
[01.07.2022] 11:03:54 [DEBUG] RefinementSolver.run - Refinement iteration:
Model extraction time(ms): 7
Population time(ms): 34
Consistency check time(ms): 0
Base Reason computation time(ms): 0
Core Reason computation time(ms): 0
Model size (#events): 348
#Computed reasons (base/core): 1/1
#Computed reduced reasons (base/core): 1/1

[01.07.2022] 11:04:52 [DEBUG] RefinementSolver.run - Solver iteration: 
 ===== Iteration: 72 =====
Solving time(ms): 58140
[01.07.2022] 11:04:52 [DEBUG] RefinementSolver.run - Refinement iteration:
Model extraction time(ms): 8
Population time(ms): 75
Consistency check time(ms): 0
Base Reason computation time(ms): 1
Core Reason computation time(ms): 0
Model size (#events): 390
#Computed reasons (base/core): 9/9
#Computed reduced reasons (base/core): 9/9

[01.07.2022] 11:04:53 [DEBUG] RefinementSolver.run - Solver iteration: 
 ===== Iteration: 73 =====
Solving time(ms): 655
[01.07.2022] 11:04:53 [DEBUG] RefinementSolver.run - Refinement iteration:
Model extraction time(ms): 8
Population time(ms): 84
Consistency check time(ms): 0
Base Reason computation time(ms): 0
Core Reason computation time(ms): 0
Model size (#events): 389
#Computed reasons (base/core): 2/2
#Computed reduced reasons (base/core): 2/1

[01.07.2022] 11:08:33 [DEBUG] RefinementSolver.run - Solver iteration: 
 ===== Iteration: 74 =====
Solving time(ms): 220253
[01.07.2022] 11:08:34 [DEBUG] RefinementSolver.run - Refinement iteration:
Model extraction time(ms): 7
Population time(ms): 71
Consistency check time(ms): 0
Base Reason computation time(ms): 0
Core Reason computation time(ms): 0
Model size (#events): 385
#Computed reasons (base/core): 5/5
#Computed reduced reasons (base/core): 5/4

[01.07.2022] 11:08:35 [DEBUG] RefinementSolver.run - Solver iteration: 
 ===== Iteration: 75 =====
Solving time(ms): 1525
[01.07.2022] 11:08:35 [DEBUG] RefinementSolver.run - Refinement iteration:
Model extraction time(ms): 7
Population time(ms): 70
Consistency check time(ms): 0
Base Reason computation time(ms): 1
Core Reason computation time(ms): 0
Model size (#events): 385
#Computed reasons (base/core): 3/3
#Computed reduced reasons (base/core): 3/3

[01.07.2022] 11:11:17 [DEBUG] RefinementSolver.run - Solver iteration: 
 ===== Iteration: 76 =====
Solving time(ms): 161201
[01.07.2022] 11:11:17 [DEBUG] RefinementSolver.run - Refinement iteration:
Model extraction time(ms): 8
Population time(ms): 104
Consistency check time(ms): 1
Base Reason computation time(ms): 0
Core Reason computation time(ms): 0
Model size (#events): 400
#Computed reasons (base/core): 3/3
#Computed reduced reasons (base/core): 3/3

[01.07.2022] 11:11:18 [DEBUG] RefinementSolver.run - Solver iteration: 
 ===== Iteration: 77 =====
Solving time(ms): 850
[01.07.2022] 11:11:18 [DEBUG] RefinementSolver.run - Refinement iteration:
Model extraction time(ms): 23
Population time(ms): 92
Consistency check time(ms): 0
Base Reason computation time(ms): 1
Core Reason computation time(ms): 0
Model size (#events): 400
#Computed reasons (base/core): 2/2
#Computed reduced reasons (base/core): 2/2

[01.07.2022] 11:25:15 [DEBUG] RefinementSolver.run - Solver iteration: 
 ===== Iteration: 78 =====
Solving time(ms): 836792
[01.07.2022] 11:25:15 [DEBUG] RefinementSolver.run - Refinement iteration:
Model extraction time(ms): 7
Population time(ms): 53
Consistency check time(ms): 0
Base Reason computation time(ms): 1
Core Reason computation time(ms): 0
Model size (#events): 373
#Computed reasons (base/core): 5/4
#Computed reduced reasons (base/core): 4/4

[01.07.2022] 11:29:37 [DEBUG] RefinementSolver.run - Solver iteration: 
 ===== Iteration: 79 =====
Solving time(ms): 261608
[01.07.2022] 11:29:37 [DEBUG] RefinementSolver.run - Refinement iteration:
Model extraction time(ms): 9
Population time(ms): 122
Consistency check time(ms): 0
Base Reason computation time(ms): 1
Core Reason computation time(ms): 0
Model size (#events): 412
#Computed reasons (base/core): 3/2
#Computed reduced reasons (base/core): 2/2

[01.07.2022] 11:31:56 [DEBUG] RefinementSolver.run - Solver iteration: 
 ===== Iteration: 80 =====
Solving time(ms): 138374
[01.07.2022] 11:31:56 [DEBUG] RefinementSolver.run - Refinement iteration:
Model extraction time(ms): 7
Population time(ms): 65
Consistency check time(ms): 0
Base Reason computation time(ms): 1
Core Reason computation time(ms): 0
Model size (#events): 379
#Computed reasons (base/core): 6/3
#Computed reduced reasons (base/core): 3/3

[01.07.2022] 11:31:59 [DEBUG] RefinementSolver.run - Solver iteration: 
 ===== Iteration: 81 =====
Solving time(ms): 3045
[01.07.2022] 11:31:59 [DEBUG] RefinementSolver.run - Refinement iteration:
Model extraction time(ms): 9
Population time(ms): 57
Consistency check time(ms): 0
Base Reason computation time(ms): 1
Core Reason computation time(ms): 0
Model size (#events): 378
#Computed reasons (base/core): 11/9
#Computed reduced reasons (base/core): 9/9

[01.07.2022] 11:32:01 [DEBUG] RefinementSolver.run - Solver iteration: 
 ===== Iteration: 82 =====
Solving time(ms): 1424
[01.07.2022] 11:32:01 [DEBUG] RefinementSolver.run - Refinement iteration:
Model extraction time(ms): 8
Population time(ms): 57
Consistency check time(ms): 0
Base Reason computation time(ms): 1
Core Reason computation time(ms): 0
Model size (#events): 379
#Computed reasons (base/core): 4/3
#Computed reduced reasons (base/core): 3/3

[01.07.2022] 11:32:02 [DEBUG] RefinementSolver.run - Solver iteration: 
 ===== Iteration: 83 =====
Solving time(ms): 916
[01.07.2022] 11:32:02 [DEBUG] RefinementSolver.run - Refinement iteration:
Model extraction time(ms): 8
Population time(ms): 59
Consistency check time(ms): 0
Base Reason computation time(ms): 1
Core Reason computation time(ms): 1
Model size (#events): 381
#Computed reasons (base/core): 14/14
#Computed reduced reasons (base/core): 14/13

[01.07.2022] 11:36:42 [DEBUG] RefinementSolver.run - Solver iteration: 
 ===== Iteration: 84 =====
Solving time(ms): 279556
[01.07.2022] 11:36:42 [DEBUG] RefinementSolver.run - Refinement iteration:
Model extraction time(ms): 8
Population time(ms): 80
Consistency check time(ms): 0
Base Reason computation time(ms): 1
Core Reason computation time(ms): 0
Model size (#events): 393
#Computed reasons (base/core): 2/1
#Computed reduced reasons (base/core): 1/1

[01.07.2022] 11:36:43 [DEBUG] RefinementSolver.run - Solver iteration: 
 ===== Iteration: 85 =====
Solving time(ms): 764
[01.07.2022] 11:36:43 [DEBUG] RefinementSolver.run - Refinement iteration:
Model extraction time(ms): 8
Population time(ms): 101
Consistency check time(ms): 0
Base Reason computation time(ms): 1
Core Reason computation time(ms): 0
Model size (#events): 393
#Computed reasons (base/core): 2/2
#Computed reduced reasons (base/core): 2/2

[01.07.2022] 11:43:01 [DEBUG] RefinementSolver.run - Solver iteration: 
 ===== Iteration: 86 =====
Solving time(ms): 377304
[01.07.2022] 11:43:01 [DEBUG] RefinementSolver.run - Refinement iteration:
Model extraction time(ms): 8
Population time(ms): 41
Consistency check time(ms): 0
Base Reason computation time(ms): 1
Core Reason computation time(ms): 0
Model size (#events): 367
#Computed reasons (base/core): 3/3
#Computed reduced reasons (base/core): 3/2

[01.07.2022] 11:58:46 [DEBUG] RefinementSolver.run - Solver iteration: 
 ===== Iteration: 87 =====
Solving time(ms): 945629
[01.07.2022] 11:58:47 [DEBUG] RefinementSolver.run - Refinement iteration:
Model extraction time(ms): 8
Population time(ms): 84
Consistency check time(ms): 0
Base Reason computation time(ms): 1
Core Reason computation time(ms): 0
Model size (#events): 390
#Computed reasons (base/core): 7/7
#Computed reduced reasons (base/core): 7/7

[01.07.2022] 12:02:34 [DEBUG] RefinementSolver.run - Solver iteration: 
 ===== Iteration: 88 =====
Solving time(ms): 227060
[01.07.2022] 12:02:34 [DEBUG] RefinementSolver.run - Refinement iteration:
Model extraction time(ms): 8
Population time(ms): 62
Consistency check time(ms): 0
Base Reason computation time(ms): 1
Core Reason computation time(ms): 0
Model size (#events): 385
#Computed reasons (base/core): 4/3
#Computed reduced reasons (base/core): 3/3

[01.07.2022] 12:18:11 [DEBUG] RefinementSolver.run - Solver iteration: 
 ===== Iteration: 89 =====
Solving time(ms): 937298
[01.07.2022] 12:18:12 [DEBUG] RefinementSolver.run - Refinement iteration:
Model extraction time(ms): 11
Population time(ms): 83
Consistency check time(ms): 0
Base Reason computation time(ms): 0
Core Reason computation time(ms): 1
Model size (#events): 387
#Computed reasons (base/core): 2/1
#Computed reduced reasons (base/core): 1/1

[01.07.2022] 12:20:09 [DEBUG] RefinementSolver.run - Solver iteration: 
 ===== Iteration: 90 =====
Solving time(ms): 116987
[01.07.2022] 12:20:09 [DEBUG] RefinementSolver.run - Refinement iteration:
Model extraction time(ms): 9
Population time(ms): 152
Consistency check time(ms): 0
Base Reason computation time(ms): 1
Core Reason computation time(ms): 0
Model size (#events): 416
#Computed reasons (base/core): 7/6
#Computed reduced reasons (base/core): 6/6

[01.07.2022] 12:25:12 [DEBUG] RefinementSolver.run - Solver iteration: 
 ===== Iteration: 91 =====
Solving time(ms): 302975
[01.07.2022] 12:25:12 [DEBUG] RefinementSolver.run - Refinement iteration:
Model extraction time(ms): 9
Population time(ms): 131
Consistency check time(ms): 1
Base Reason computation time(ms): 0
Core Reason computation time(ms): 0
Model size (#events): 413
#Computed reasons (base/core): 3/2
#Computed reduced reasons (base/core): 2/2

[01.07.2022] 12:56:49 [DEBUG] RefinementSolver.run - Solver iteration: 
 ===== Iteration: 92 =====
Solving time(ms): 1896902
[01.07.2022] 12:56:50 [DEBUG] RefinementSolver.run - Refinement iteration:
Model extraction time(ms): 8
Population time(ms): 77
Consistency check time(ms): 0
Base Reason computation time(ms): 1
Core Reason computation time(ms): 0
Model size (#events): 399
#Computed reasons (base/core): 2/2
#Computed reduced reasons (base/core): 2/2

[01.07.2022] 12:58:43 [DEBUG] RefinementSolver.run - Solver iteration: 
 ===== Iteration: 93 =====
Solving time(ms): 113755
[01.07.2022] 12:58:44 [DEBUG] RefinementSolver.run - Refinement iteration:
Model extraction time(ms): 8
Population time(ms): 80
Consistency check time(ms): 0
Base Reason computation time(ms): 0
Core Reason computation time(ms): 0
Model size (#events): 385
#Computed reasons (base/core): 2/2
#Computed reduced reasons (base/core): 2/2

[01.07.2022] 13:13:54 [DEBUG] RefinementSolver.run - Solver iteration: 
 ===== Iteration: 94 =====
Solving time(ms): 910172
[01.07.2022] 13:13:54 [DEBUG] RefinementSolver.run - Refinement iteration:
Model extraction time(ms): 19
Population time(ms): 132
Consistency check time(ms): 1
Base Reason computation time(ms): 1
Core Reason computation time(ms): 0
Model size (#events): 398
#Computed reasons (base/core): 1/1
#Computed reduced reasons (base/core): 1/1

[01.07.2022] 13:13:56 [DEBUG] RefinementSolver.run - Solver iteration: 
 ===== Iteration: 95 =====
Solving time(ms): 1277
[01.07.2022] 13:13:56 [DEBUG] RefinementSolver.run - Refinement iteration:
Model extraction time(ms): 9
Population time(ms): 128
Consistency check time(ms): 0
Base Reason computation time(ms): 1
Core Reason computation time(ms): 0
Model size (#events): 398
#Computed reasons (base/core): 2/2
#Computed reduced reasons (base/core): 2/2

[01.07.2022] 14:27:32 [DEBUG] RefinementSolver.run - Solver iteration: 
 ===== Iteration: 96 =====
Solving time(ms): 4415930
[01.07.2022] 14:27:32 [DEBUG] RefinementSolver.run - Refinement iteration:
Model extraction time(ms): 16
Population time(ms): 143
Consistency check time(ms): 0
Base Reason computation time(ms): 2
Core Reason computation time(ms): 0
Model size (#events): 392
#Computed reasons (base/core): 8/8
#Computed reduced reasons (base/core): 8/8

[01.07.2022] 14:28:52 [DEBUG] RefinementSolver.run - Solver iteration: 
 ===== Iteration: 97 =====
Solving time(ms): 79537
[01.07.2022] 14:28:52 [DEBUG] RefinementSolver.run - Refinement iteration:
Model extraction time(ms): 8
Population time(ms): 125
Consistency check time(ms): 0
Base Reason computation time(ms): 2
Core Reason computation time(ms): 1
Model size (#events): 402
#Computed reasons (base/core): 8/8
#Computed reduced reasons (base/core): 8/7

[01.07.2022] 14:29:48 [DEBUG] RefinementSolver.run - Solver iteration: 
 ===== Iteration: 98 =====
Solving time(ms): 55972
[01.07.2022] 14:29:48 [DEBUG] RefinementSolver.run - Refinement iteration:
Model extraction time(ms): 8
Population time(ms): 52
Consistency check time(ms): 0
Base Reason computation time(ms): 1
Core Reason computation time(ms): 0
Model size (#events): 376
#Computed reasons (base/core): 2/2
#Computed reduced reasons (base/core): 2/2

[01.07.2022] 14:31:04 [DEBUG] RefinementSolver.run - Solver iteration: 
 ===== Iteration: 99 =====
Solving time(ms): 75268
[01.07.2022] 14:31:04 [DEBUG] RefinementSolver.run - Refinement iteration:
Model extraction time(ms): 7
Population time(ms): 89
Consistency check time(ms): 0
Base Reason computation time(ms): 1
Core Reason computation time(ms): 0
Model size (#events): 405
#Computed reasons (base/core): 8/8
#Computed reduced reasons (base/core): 8/7

[01.07.2022] 15:17:40 [DEBUG] RefinementSolver.run - Solver iteration: 
 ===== Iteration: 100 =====
Solving time(ms): 2796179
[01.07.2022] 15:17:41 [DEBUG] RefinementSolver.run - Refinement iteration:
Model extraction time(ms): 8
Population time(ms): 58
Consistency check time(ms): 0
Base Reason computation time(ms): 0
Core Reason computation time(ms): 0
Model size (#events): 382
#Computed reasons (base/core): 3/3
#Computed reduced reasons (base/core): 3/3

[01.07.2022] 15:24:32 [DEBUG] RefinementSolver.run - Solver iteration: 
 ===== Iteration: 101 =====
Solving time(ms): 411481
[01.07.2022] 15:24:32 [DEBUG] RefinementSolver.run - Refinement iteration:
Model extraction time(ms): 8
Population time(ms): 70
Consistency check time(ms): 0
Base Reason computation time(ms): 1
Core Reason computation time(ms): 0
Model size (#events): 382
#Computed reasons (base/core): 3/3
#Computed reduced reasons (base/core): 3/3

[01.07.2022] 18:45:14 [DEBUG] RefinementSolver.run - Final solver iteration:
 ===== Final Iteration: 102 =====
Native Solving/Proof time(ms): 12041843
[01.07.2022] 18:45:14 [INFO] RefinementSolver.run - Bounded specification proven.
[01.07.2022] 18:45:14 [INFO] PropertyEncoder.encodeBoundEventExec - Encoding bound events execution
[01.07.2022] 18:46:35 [INFO] RefinementSolver.run - Summary
 ======== Summary ========
Number of iterations: 102
Total native solving time(ms): 35262102
   -- Bound check time(ms): 80615
Total CAAT solving time(ms): 30685
   -- Model extraction time(ms): 838
   -- Population time(ms): 6494
   -- Consistency check time(ms): 15
   -- Reason computation time(ms): 125
   -- Refining time(ms): 4685
   -- #Computed core reasons: 437
   -- #Computed core reduced reasons: 367
   -- Min model size (#events): 254
   -- Average model size (#events): 367
   -- Max model size (#events): 416

[01.07.2022] 18:46:35 [DEBUG] RefinementSolver.run - 
 ===== SMT Statistics (after final iteration) ===== 
	conflicts -> 1229382
	decisions -> 256599266
	propagations -> -1432902042
	binary propagations -> -298547758
	restarts -> 5129
	final checks -> 6880
	added eqs -> 1347535904
	mk clause -> 364935060
	del clause -> 364596021
	interface eqs -> 6778
	minimized lits -> 86886469
	num checks -> 104
	mk bool var -> 427896083
	arith eq adapter -> 7856
	arith-lower -> 55797510
	arith-upper -> 48252367
	arith-fixed-eqs -> 26941
	arith-conflicts -> 174486
	arith-bound-propagations-lp -> 4402042
	arith-diseq -> 1402111
	arith-assume-eqs -> 6778
	arith-make-feasible -> 5588429
	arith-max-columns -> 17649
	arith-max-rows -> 16689
	arith-offset-eqs -> 43756
	bv diseqs -> 301
	bv dynamic diseqs -> 12029130
	bv bit2core -> 915841770
	bv->core eq -> 88231892
	bv dynamic eqs -> 344527
	max memory -> 1231.24
	memory -> 1226.66
	num allocs -> 2.2709408444E10
	rlimit count -> 5.1226805673E10
	time -> 80.542

[01.07.2022] 18:46:35 [INFO] RefinementSolver.run - Verification finished with result UNKNOWN
UNKNOWN