> export CFLAGS="-I$DAT3M_HOME/include -I$CNA_VERIFICATION_HOME/include -DNTHREADS=4 -DALGORITHM=2 -DSKIP_PENDING -DFIX1 -DFIX2 -DFIX3 -DFIX4 -DFIX5"

> java -jar dartagnan/target/dartagnan-3.0.0.jar cat/linux-kernel.cat --target=lkmm --bound=1 --program.processing.constantPropagation=false ../cna-verification/client-code.c --refinement.baseline=no_oota,uniproc,atomic_rmw --property=reachability,liveness

[04.07.2022] 15:08:30 [INFO] GitInfo.CreateGitInfo - Git branch: cna-verification
[04.07.2022] 15:08:30 [INFO] GitInfo.CreateGitInfo - Git commit ID: afbb640edafa4ef8aaf88140fc1d70cfb90d0b47
[04.07.2022] 15:08:30 [INFO] GlobalSettings.LogGlobalSettings - ARCH_PRECISION: 64
[04.07.2022] 15:08:30 [INFO] GlobalSettings.LogGlobalSettings - ATOMIC_AS_LOCK: false
[04.07.2022] 15:08:30 [INFO] GlobalSettings.LogGlobalSettings - REFINEMENT_GENERATE_GRAPHVIZ_DEBUG_FILES: false
[04.07.2022] 15:08:30 [INFO] GlobalSettings.LogGlobalSettings - REFINEMENT_SYMMETRY_LEARNING: FULL
[04.07.2022] 15:08:30 [INFO] Dartagnan.main - Program path: ../cna-verification/client-code.c
[04.07.2022] 15:08:30 [INFO] Dartagnan.main - CAT file path: cat/linux-kernel.cat
[04.07.2022] 15:08:30 [INFO] Compilation.compileWithClang - Compiling with clang
[04.07.2022] 15:08:30 [INFO] Compilation.compileWithSmack - Compiling with smack
[04.07.2022] 15:08:31 [INFO] Compilation.compileWithSmack - Compiling with smack
[04.07.2022] 15:08:32 [INFO] VisitorBoogie.visitLine_comment - SMACK version: 2.8.0 
[04.07.2022] 15:08:32 [INFO] VisitorBoogie.visitMain - Number of threads (including main): 5
[04.07.2022] 15:08:33 [INFO] DeadCodeElimination.run - #Events before DCE: 2001
[04.07.2022] 15:08:33 [INFO] DeadCodeElimination.run - #Events after DCE: 1940
[04.07.2022] 15:08:33 [INFO] BranchReordering.run - Branches reordered
[04.07.2022] 15:08:33 [INFO] BranchReordering.run - program.processing.detReordering: true
[04.07.2022] 15:08:33 [INFO] Simplifier.run - pre-simplification: 1940 events
[04.07.2022] 15:08:33 [INFO] Simplifier.run - post-simplification: 1432 events
[04.07.2022] 15:08:33 [INFO] FindSpinLoops.run - # of spinloops: 12
[04.07.2022] 15:08:33 [INFO] LoopUnrolling.run - Program unrolled 1 times
[04.07.2022] 15:08:33 [INFO] DeadAssignmentElimination.run - #Events before DSE: 1432
[04.07.2022] 15:08:33 [INFO] DeadAssignmentElimination.run - #Events after DSE: 1380
[04.07.2022] 15:08:33 [INFO] RemoveDeadCondJumps.run - #Events before RemoveDeadCondJumps: 1380
[04.07.2022] 15:08:33 [INFO] RemoveDeadCondJumps.run - #Events after RemoveDeadCondJumps: 1315
[04.07.2022] 15:08:33 [INFO] Compilation.run - Program compiled to LKMM
[04.07.2022] 15:08:33 [INFO] BranchEquivalence.<init> - program.analysis.cf.alwaysSplitOnJump: false
[04.07.2022] 15:08:33 [INFO] BranchEquivalence.<init> - program.analysis.cf.mergeBranches: true
[04.07.2022] 15:08:33 [INFO] Dependency.fromConfig - Analyze dependencies
[04.07.2022] 15:08:33 [INFO] AliasAnalysis.fromConfig - Selected Alias Analysis: FIELD_SENSITIVE
[04.07.2022] 15:08:33 [INFO] RelCo.getMaxTupleSet - Computing maxTupleSet for co
[04.07.2022] 15:08:33 [INFO] RelCo.getMaxTupleSet - maxTupleSet size for co: 652
[04.07.2022] 15:08:33 [INFO] RelRf.getMaxTupleSet - Computing maxTupleSet for rf
[04.07.2022] 15:08:33 [INFO] RelRf.atomicBlockOptimization - Atomic block optimization eliminated 0 reads
[04.07.2022] 15:08:33 [INFO] RelRf.getMaxTupleSet - maxTupleSet size for rf: 842
[04.07.2022] 15:08:34 [INFO] RelRMW.getMaxTupleSet - Computing maxTupleSet for rmw
[04.07.2022] 15:08:34 [INFO] RelRMW.getMaxTupleSet - maxTupleSet size for rmw: 20
[04.07.2022] 15:08:34 [INFO] RelCo.getMaxTupleSet - Computing maxTupleSet for co
[04.07.2022] 15:08:34 [INFO] RelCo.getMaxTupleSet - maxTupleSet size for co: 652
[04.07.2022] 15:08:34 [INFO] RelRf.getMaxTupleSet - Computing maxTupleSet for rf
[04.07.2022] 15:08:34 [INFO] RelRf.atomicBlockOptimization - Atomic block optimization eliminated 0 reads
[04.07.2022] 15:08:34 [INFO] RelRf.getMaxTupleSet - maxTupleSet size for rf: 842
[04.07.2022] 15:08:34 [INFO] RelRMW.getMaxTupleSet - Computing maxTupleSet for rmw
[04.07.2022] 15:08:34 [INFO] RelRMW.getMaxTupleSet - maxTupleSet size for rmw: 20
[04.07.2022] 15:08:34 [INFO] ProgramEncoder.<init> - encoding.allowPartialExecutions: false
[04.07.2022] 15:08:34 [INFO] ProgramEncoder.<init> - encoding.mergeCFVars: true
[04.07.2022] 15:08:34 [INFO] SymmetryEncoder.<init> - Breaking symmetry on relation: rf
[04.07.2022] 15:08:34 [INFO] SymmetryEncoder.<init> - Breaking by sync degree: true
[04.07.2022] 15:08:34 [INFO] RelCo.initializeEncoding - encoding.co.antiSymm: false
[04.07.2022] 15:08:34 [INFO] Acyclic.getEncodeTupleSet - Computing encodeTupleSet for acyclic (((po-loc+rf)+co)+fr)
[04.07.2022] 15:08:34 [INFO] Acyclic.getEncodeTupleSet - encodeTupleSet size 2108
[04.07.2022] 15:08:34 [INFO] Acyclic.getEncodeTupleSet - reduced encodeTupleSet size 1996
[04.07.2022] 15:08:34 [INFO] Acyclic.getEncodeTupleSet - Computing encodeTupleSet for acyclic ((ctrl+(data+addr))+rf)
[04.07.2022] 15:08:34 [INFO] Acyclic.getEncodeTupleSet - encodeTupleSet size 1180
[04.07.2022] 15:08:34 [INFO] Acyclic.getEncodeTupleSet - reduced encodeTupleSet size 972
[04.07.2022] 15:08:34 [INFO] RefinementTask.initializeEncoders - refinement.baseline: [UNIPROC, NO_OOTA, ATOMIC_RMW]
[04.07.2022] 15:08:34 [INFO] PropertyEncoder.encodeAssertions - Encoding assertions
[04.07.2022] 15:08:34 [INFO] PropertyEncoder.encodeLiveness - Encoding liveness
[04.07.2022] 15:08:34 [INFO] RefinementSolver.run - Starting encoding using Z3 4.8.14.0
[04.07.2022] 15:08:34 [INFO] ProgramEncoder.encodeMemory - Encoding fixed memory
[04.07.2022] 15:08:34 [INFO] ProgramEncoder.encodeControlFlow - Encoding program control flow
[04.07.2022] 15:08:34 [INFO] ProgramEncoder.encodeFinalRegisterValues - Encoding final register values
[04.07.2022] 15:08:34 [INFO] ProgramEncoder.encodeDependencies - Encoding dependencies
[04.07.2022] 15:08:34 [INFO] WmmEncoder.encodeRelations - Encoding relations
[04.07.2022] 15:08:34 [INFO] WmmEncoder.encodeAnarchicSemantics - Encoding anarchic semantics
[04.07.2022] 15:08:35 [INFO] WmmEncoder.encodeConsistency - Encoding consistency
[04.07.2022] 15:08:36 [INFO] RefinementSolver.run - Refinement procedure started.
[04.07.2022] 15:08:42 [DEBUG] RefinementSolver.run - 
 ===== SMT Statistics (after first iteration) ===== 
	conflicts -> 765
	decisions -> 1818420
	propagations -> 2520900
	binary propagations -> 1824570
	restarts -> 7
	final checks -> 38
	added eqs -> 373289
	mk clause -> 197156
	del clause -> 139296
	interface eqs -> 37
	minimized lits -> 8442
	num checks -> 1
	mk bool var -> 314949
	arith eq adapter -> 53
	arith-lower -> 7408
	arith-upper -> 6415
	arith-fixed-eqs -> 135
	arith-conflicts -> 35
	arith-bound-propagations-lp -> 2446
	arith-diseq -> 82
	arith-assume-eqs -> 37
	arith-make-feasible -> 2443
	arith-max-columns -> 2627
	arith-max-rows -> 2313
	arith-offset-eqs -> 255
	bv diseqs -> 78
	bv dynamic diseqs -> 3710
	bv bit2core -> 3785856
	bv->core eq -> 59554
	bv dynamic eqs -> 102
	num allocs -> 9786442
	rlimit count -> 30885028
	max memory -> 172.25
	memory -> 172.21
	time -> 6.622

[04.07.2022] 15:08:42 [DEBUG] RefinementSolver.run - Solver iteration: 
 ===== Iteration: 1 =====
Solving time(ms): 6631
[04.07.2022] 15:08:42 [DEBUG] RefinementSolver.run - Refinement iteration:
Model extraction time(ms): 10
Population time(ms): 66
Consistency check time(ms): 1
Base Reason computation time(ms): 6
Core Reason computation time(ms): 1
Model size (#events): 158
#Computed reasons (base/core): 3/3
#Computed reduced reasons (base/core): 3/2

[04.07.2022] 15:08:49 [DEBUG] RefinementSolver.run - Solver iteration: 
 ===== Iteration: 2 =====
Solving time(ms): 6587
[04.07.2022] 15:08:49 [DEBUG] RefinementSolver.run - Refinement iteration:
Model extraction time(ms): 9
Population time(ms): 51
Consistency check time(ms): 1
Base Reason computation time(ms): 2
Core Reason computation time(ms): 0
Model size (#events): 184
#Computed reasons (base/core): 4/3
#Computed reduced reasons (base/core): 3/3

[04.07.2022] 15:08:53 [DEBUG] RefinementSolver.run - Solver iteration: 
 ===== Iteration: 3 =====
Solving time(ms): 3911
[04.07.2022] 15:08:53 [DEBUG] RefinementSolver.run - Refinement iteration:
Model extraction time(ms): 10
Population time(ms): 69
Consistency check time(ms): 0
Base Reason computation time(ms): 2
Core Reason computation time(ms): 0
Model size (#events): 235
#Computed reasons (base/core): 1/1
#Computed reduced reasons (base/core): 1/1

[04.07.2022] 15:08:57 [DEBUG] RefinementSolver.run - Solver iteration: 
 ===== Iteration: 4 =====
Solving time(ms): 3824
[04.07.2022] 15:08:57 [DEBUG] RefinementSolver.run - Refinement iteration:
Model extraction time(ms): 8
Population time(ms): 34
Consistency check time(ms): 0
Base Reason computation time(ms): 3
Core Reason computation time(ms): 1
Model size (#events): 202
#Computed reasons (base/core): 5/4
#Computed reduced reasons (base/core): 4/4

[04.07.2022] 15:09:00 [DEBUG] RefinementSolver.run - Solver iteration: 
 ===== Iteration: 5 =====
Solving time(ms): 3642
[04.07.2022] 15:09:01 [DEBUG] RefinementSolver.run - Refinement iteration:
Model extraction time(ms): 7
Population time(ms): 49
Consistency check time(ms): 0
Base Reason computation time(ms): 3
Core Reason computation time(ms): 1
Model size (#events): 224
#Computed reasons (base/core): 6/6
#Computed reduced reasons (base/core): 6/4

[04.07.2022] 15:09:06 [DEBUG] RefinementSolver.run - Solver iteration: 
 ===== Iteration: 6 =====
Solving time(ms): 5629
[04.07.2022] 15:09:06 [DEBUG] RefinementSolver.run - Refinement iteration:
Model extraction time(ms): 8
Population time(ms): 49
Consistency check time(ms): 0
Base Reason computation time(ms): 2
Core Reason computation time(ms): 0
Model size (#events): 243
#Computed reasons (base/core): 5/5
#Computed reduced reasons (base/core): 5/5

[04.07.2022] 15:09:11 [DEBUG] RefinementSolver.run - Solver iteration: 
 ===== Iteration: 7 =====
Solving time(ms): 4237
[04.07.2022] 15:09:11 [DEBUG] RefinementSolver.run - Refinement iteration:
Model extraction time(ms): 7
Population time(ms): 26
Consistency check time(ms): 0
Base Reason computation time(ms): 0
Core Reason computation time(ms): 0
Model size (#events): 225
#Computed reasons (base/core): 1/1
#Computed reduced reasons (base/core): 1/1

[04.07.2022] 15:09:13 [DEBUG] RefinementSolver.run - Solver iteration: 
 ===== Iteration: 8 =====
Solving time(ms): 2196
[04.07.2022] 15:09:13 [DEBUG] RefinementSolver.run - Refinement iteration:
Model extraction time(ms): 8
Population time(ms): 47
Consistency check time(ms): 0
Base Reason computation time(ms): 2
Core Reason computation time(ms): 1
Model size (#events): 264
#Computed reasons (base/core): 14/14
#Computed reduced reasons (base/core): 14/14

[04.07.2022] 15:09:19 [DEBUG] RefinementSolver.run - Solver iteration: 
 ===== Iteration: 9 =====
Solving time(ms): 6122
[04.07.2022] 15:09:19 [DEBUG] RefinementSolver.run - Refinement iteration:
Model extraction time(ms): 9
Population time(ms): 32
Consistency check time(ms): 0
Base Reason computation time(ms): 1
Core Reason computation time(ms): 0
Model size (#events): 247
#Computed reasons (base/core): 6/6
#Computed reduced reasons (base/core): 6/6

[04.07.2022] 15:09:20 [DEBUG] RefinementSolver.run - Solver iteration: 
 ===== Iteration: 10 =====
Solving time(ms): 1306
[04.07.2022] 15:09:20 [DEBUG] RefinementSolver.run - Refinement iteration:
Model extraction time(ms): 6
Population time(ms): 43
Consistency check time(ms): 0
Base Reason computation time(ms): 1
Core Reason computation time(ms): 1
Model size (#events): 247
#Computed reasons (base/core): 7/7
#Computed reduced reasons (base/core): 7/7

[04.07.2022] 15:09:21 [DEBUG] RefinementSolver.run - Solver iteration: 
 ===== Iteration: 11 =====
Solving time(ms): 124
[04.07.2022] 15:09:21 [DEBUG] RefinementSolver.run - Refinement iteration:
Model extraction time(ms): 6
Population time(ms): 27
Consistency check time(ms): 0
Base Reason computation time(ms): 1
Core Reason computation time(ms): 0
Model size (#events): 247
#Computed reasons (base/core): 6/6
#Computed reduced reasons (base/core): 6/6

[04.07.2022] 15:09:25 [DEBUG] RefinementSolver.run - Solver iteration: 
 ===== Iteration: 12 =====
Solving time(ms): 4731
[04.07.2022] 15:09:25 [DEBUG] RefinementSolver.run - Refinement iteration:
Model extraction time(ms): 4
Population time(ms): 13
Consistency check time(ms): 0
Base Reason computation time(ms): 1
Core Reason computation time(ms): 0
Model size (#events): 185
#Computed reasons (base/core): 3/3
#Computed reduced reasons (base/core): 3/2

[04.07.2022] 15:09:29 [DEBUG] RefinementSolver.run - Solver iteration: 
 ===== Iteration: 13 =====
Solving time(ms): 3302
[04.07.2022] 15:09:29 [DEBUG] RefinementSolver.run - Refinement iteration:
Model extraction time(ms): 5
Population time(ms): 24
Consistency check time(ms): 0
Base Reason computation time(ms): 1
Core Reason computation time(ms): 0
Model size (#events): 225
#Computed reasons (base/core): 3/3
#Computed reduced reasons (base/core): 3/2

[04.07.2022] 15:09:30 [DEBUG] RefinementSolver.run - Solver iteration: 
 ===== Iteration: 14 =====
Solving time(ms): 1356
[04.07.2022] 15:09:30 [DEBUG] RefinementSolver.run - Refinement iteration:
Model extraction time(ms): 6
Population time(ms): 22
Consistency check time(ms): 0
Base Reason computation time(ms): 1
Core Reason computation time(ms): 0
Model size (#events): 224
#Computed reasons (base/core): 1/1
#Computed reduced reasons (base/core): 1/1

[04.07.2022] 15:09:40 [DEBUG] RefinementSolver.run - Solver iteration: 
 ===== Iteration: 15 =====
Solving time(ms): 10319
[04.07.2022] 15:09:41 [DEBUG] RefinementSolver.run - Refinement iteration:
Model extraction time(ms): 6
Population time(ms): 32
Consistency check time(ms): 0
Base Reason computation time(ms): 0
Core Reason computation time(ms): 0
Model size (#events): 253
#Computed reasons (base/core): 1/1
#Computed reduced reasons (base/core): 1/1

[04.07.2022] 15:09:46 [DEBUG] RefinementSolver.run - Solver iteration: 
 ===== Iteration: 16 =====
Solving time(ms): 5091
[04.07.2022] 15:09:46 [DEBUG] RefinementSolver.run - Refinement iteration:
Model extraction time(ms): 5
Population time(ms): 28
Consistency check time(ms): 0
Base Reason computation time(ms): 1
Core Reason computation time(ms): 0
Model size (#events): 218
#Computed reasons (base/core): 1/1
#Computed reduced reasons (base/core): 1/1

[04.07.2022] 15:09:47 [DEBUG] RefinementSolver.run - Solver iteration: 
 ===== Iteration: 17 =====
Solving time(ms): 1686
[04.07.2022] 15:09:47 [DEBUG] RefinementSolver.run - Refinement iteration:
Model extraction time(ms): 6
Population time(ms): 29
Consistency check time(ms): 0
Base Reason computation time(ms): 0
Core Reason computation time(ms): 1
Model size (#events): 225
#Computed reasons (base/core): 1/1
#Computed reduced reasons (base/core): 1/1

[04.07.2022] 15:10:30 [DEBUG] RefinementSolver.run - Solver iteration: 
 ===== Iteration: 18 =====
Solving time(ms): 42302
[04.07.2022] 15:10:30 [DEBUG] RefinementSolver.run - Refinement iteration:
Model extraction time(ms): 6
Population time(ms): 34
Consistency check time(ms): 0
Base Reason computation time(ms): 0
Core Reason computation time(ms): 1
Model size (#events): 259
#Computed reasons (base/core): 1/1
#Computed reduced reasons (base/core): 1/1

[04.07.2022] 15:10:30 [DEBUG] RefinementSolver.run - Solver iteration: 
 ===== Iteration: 19 =====
Solving time(ms): 116
[04.07.2022] 15:10:30 [DEBUG] RefinementSolver.run - Refinement iteration:
Model extraction time(ms): 6
Population time(ms): 34
Consistency check time(ms): 1
Base Reason computation time(ms): 0
Core Reason computation time(ms): 0
Model size (#events): 259
#Computed reasons (base/core): 1/1
#Computed reduced reasons (base/core): 1/1

[04.07.2022] 15:10:38 [DEBUG] RefinementSolver.run - Final solver iteration:
 ===== Final Iteration: 20 =====
Native Solving/Proof time(ms): 8177
[04.07.2022] 15:10:38 [INFO] RefinementSolver.run - Bounded specification proven.
[04.07.2022] 15:10:38 [INFO] PropertyEncoder.encodeBoundEventExec - Encoding bound events execution
[04.07.2022] 15:10:42 [INFO] RefinementSolver.run - Summary
 ======== Summary ========
Number of iterations: 20
Total native solving time(ms): 125558
   -- Bound check time(ms): 4269
Total CAAT solving time(ms): 1335
   -- Model extraction time(ms): 132
   -- Population time(ms): 709
   -- Consistency check time(ms): 3
   -- Reason computation time(ms): 34
   -- Refining time(ms): 183
   -- #Computed core reasons: 68
   -- #Computed core reduced reasons: 63
   -- Min model size (#events): 158
   -- Average model size (#events): 227
   -- Max model size (#events): 264

[04.07.2022] 15:10:42 [DEBUG] RefinementSolver.run - 
 ===== SMT Statistics (after final iteration) ===== 
	conflicts -> 19189
	decisions -> 8052546
	propagations -> 58451088
	binary propagations -> 40750215
	restarts -> 150
	final checks -> 429
	added eqs -> 8867392
	mk clause -> 1479036
	del clause -> 1427734
	interface eqs -> 409
	minimized lits -> 1134055
	num checks -> 22
	mk bool var -> 3214967
	arith eq adapter -> 543
	arith-lower -> 466841
	arith-upper -> 414006
	arith-fixed-eqs -> 758
	arith-conflicts -> 281
	arith-bound-propagations-lp -> 24576
	arith-diseq -> 11407
	arith-assume-eqs -> 409
	arith-make-feasible -> 57520
	arith-max-columns -> 2629
	arith-max-rows -> 2315
	arith-offset-eqs -> 1121
	bv diseqs -> 79
	bv dynamic diseqs -> 61790
	bv bit2core -> 85783780
	bv->core eq -> 1153921
	bv dynamic eqs -> 4375
	num allocs -> 212220842
	rlimit count -> 346159143
	max memory -> 240.27
	memory -> 219.28
	time -> 4.257

[04.07.2022] 15:10:42 [INFO] RefinementSolver.run - Verification finished with result UNKNOWN
UNKNOWN